[table Total Allocation Counts for Bernoulli Number Calculation
[[m][cpp_rational][mpq_rational][number<rational_adaptor<gmp_int>>][mpq_class]]
[[2][0][77][123][101]]
[[4][0][187][320][252]]
[[6][0][345][612][471]]
[[8][0][551][988][758]]
[[10][0][805][1464][1113]]
[[12][0][1107][2044][1536]]
[[14][0][1457][2698][2027]]
[[16][0][1857][3458][2587]]
[[18][0][2336][4320][3216]]
[[20][0][2885][5297][3913]]
[[22][6][3511][6358][4706]]
[[24][22][4203][7601][5600]]
[[26][83][4963][8911][6575]]
[[28][377][5806][10370][7632]]
[[30][780][6738][11947][8769]]
[[32][1454][7771][13644][9988]]
[[34][2001][9357][15947][11289]]
[[36][2789][10598][18023][12704]]
[[38][3669][11948][20185][14252]]
[[40][4653][13403][22538][15891]]
[[42][5923][14976][24990][17620]]
[[44][7379][16622][27596][19449]]
[[46][8839][18367][30287][21367]]
[[48][10296][20227][33295][23431]]
[[50][12045][22857][36898][25646]]
[[52][13603][25044][40220][27962]]
[[54][15276][27331][43755][30389]]
[[56][17239][29749][47410][32919]]
[[58][19337][32257][51151][35552]]
[[60][21409][34958][55308][38417]]
[[62][23694][37800][59426][41396]]
[[64][27923][39556][62540][44498]]
[[66][30240][44706][69096][47711]]
[[68][32566][47934][73872][51042]]
[[70][35019][51417][78779][54637]]
[[72][37460][55047][84163][58363]]
[[74][40282][58777][89439][62211]]
[[76][42914][62691][95055][66183]]
[[78][45752][66694][100709][70296]]
[[80][48681][70905][106834][74620]]
[[82][51986][77633][115045][79160]]
[[84][54855][82364][121949][83842]]
[[86][59032][87239][128670][88659]]
[[88][63595][92256][135592][93618]]
[[90][68352][97486][142665][98820]]
[[92][72446][102974][150380][104256]]
[[94][76468][108620][158006][109844]]
[[96][80361][111109][162765][115594]]
[[98][84783][121460][174932][121486]]
[[100][89044][127730][183611][127633]]
[[102][93561][134241][192393][134050]]
[[104][98452][140919][201349][140616]]
[[106][103530][147763][210413][147364]]
[[108][108326][154804][220168][154276]]
[[110][113891][162184][229824][161562]]
[[112][119213][169736][239900][169038]]
[[114][124770][182417][255032][176693]]
[[116][130624][190589][265966][184519]]
[[118][137941][198975][276703][192525]]
[[120][144829][207759][288645][200952]]
[[122][152045][216736][300007][209561]]
[[124][158610][225905][311860][218371]]
[[126][165383][235283][323744][227360]]
[[128][173971][230678][322303][236670]]
[[130][181696][248593][342618][246308]]
[[132][189310][258615][356021][256148]]
[[134][197708][268800][369164][266192]]
[[136][205800][279215][382459][276436]]
[[138][212940][290112][396424][287167]]
[[140][217502][301235][410903][298101]]
[[142][223486][312564][425431][309243]]
[[144][229579][324133][440945][320605]]
[[146][237213][344671][464320][332333]]
[[148][248799][357200][479845][344420]]
[[150][261345][369947][495567][356745]]
[[152][272741][382909][512422][369279]]
[[154][283982][396162][528719][382048]]
[[156][293626][409993][546804][395353]]
[[158][304036][424022][564050][408907]]
[[160][313869][427747][571797][422690]]
[[162][323626][454723][601473][436715]]
[[164][333294][469863][620894][451304]]
[[166][343072][485238][639579][466149]]
[[168][352236][500922][659464][481221]]
[[170][362793][516840][678534][496561]]
[[172][372645][533169][698760][512315]]
[[174][382908][549962][719939][528510]]
[[176][392507][567018][741432][544947]]
[[178][404163][597694][775274][561666]]
[[180][417539][615615][797960][578647]]
[[182][432009][634079][819557][596234]]
[[184][444684][652902][842915][614114]]
[[186][457104][672042][866413][632248]]
[[188][469331][691451][890093][650654]]
[[190][481583][711512][913753][669753]]
[[192][477225][698188][905638][689111]]
[[194][488955][736905][948365][708760]]
[[196][499797][757502][973031][728675]]
[[198][511163][778591][998650][749102]]
]
