Time for extended_int                   = 0.0366527
Time for int256_t                       = 0.0270196
Time for int512_t                       = 0.0291243
Time for int1024_t                      = 0.0368107
Time for checked_int256_t               = 0.0326167
Time for checked_int512_t               = 0.0340095
Time for checked_int1024_t              = 0.0415328
Time for cpp_int                        = 0.0487904
Time for mpz_int                        = 0.103619
Time for tom_int                        = 1.12504
[table
[[Integer Type][Relative Performance (Actual time in parenthesis)]]
[[checked_int1024_t][1.53714(0.0415328s)]]
[[checked_int256_t][1.20715(0.0326167s)]]
[[checked_int512_t][1.2587(0.0340095s)]]
[[cpp_int][1.80575(0.0487904s)]]
[[extended_int][1.35652(0.0366527s)]]
[[int1024_t][1.36237(0.0368107s)]]
[[int256_t][1(0.0270196s)]]
[[int512_t][1.0779(0.0291243s)]]
[[mpz_int][3.83495(0.103619s)]]
[[tom_int][41.6378(1.12504s)]]
]
Time for int64_t                        = 0.0128646
Time for number<arithmetic_backend<std::int64_t>, et_off> = 0.0129255
